<?xml version="1.0" encoding="UTF-8"?>
<!-- Generated by org.testng.reporters.JUnitReportReporter -->
<testsuite skipped="0" hostname="DELL-PC" name="com.sap.assingnment.SAP.TC001_SAP_Platform_Sign_up" tests="1" failures="0" timestamp="2020-11-09T18:15:29 IST" time="50.096" errors="0">
  <testcase name="Platform_Sign_up" time="50.096" classname="com.sap.assingnment.SAP.TC001_SAP_Platform_Sign_up"/>
  <system-out/>
</testsuite> <!-- com.sap.assingnment.SAP.TC001_SAP_Platform_Sign_up -->
